{"filter":false,"title":"rspec.log","tooltip":"/Bookers/rspec.log","ace":{"folds":[],"scrolltop":0,"scrollleft":0,"selection":{"start":{"row":0,"column":0},"end":{"row":0,"column":0},"isBackwards":false},"options":{"guessTabSize":true,"useWrapMode":false,"wrapToView":true},"firstLineState":0},"hash":"7903e2a201ee42bda3baab2566c3999943eb2ef3","undoManager":{"mark":3,"position":3,"stack":[[{"start":{"row":0,"column":0},"end":{"row":521,"column":0},"action":"remove","lines":["","Book モデルに関するテスト","  実際に保存してみる","\u001b[32m    有効な投稿内容の場合は保存されるか\u001b[0m","  空白のバリデーションチェック","\u001b[32m    titleが空白の場合にバリデーションチェックされ空白のエラーメッセージが返ってきているか\u001b[0m","\u001b[32m    bodyが空白の場合にバリデーションチェックされ空白のエラーメッセージが返ってきているか\u001b[0m","  titleを空白で投稿した場合に画面にエラーメッセージが表示されているか","\u001b[31m    エラーメッセージは正しく表示されるか (FAILED - 1)\u001b[0m","  bodyを空白で投稿した場合に画面にエラーメッセージが表示されているか","\u001b[31m    エラーメッセージは正しく表示されるか (FAILED - 2)\u001b[0m","","投稿のテスト","  トップ画面(root_path)のテスト","    表示の確認","\u001b[31m      トップ画面(root_path)に一覧ページへのリンクが表示されているか (FAILED - 3)\u001b[0m","\u001b[31m      root_pathが\"/\"であるか (FAILED - 4)\u001b[0m","  一覧画面のテスト","    一覧の表示とリンクの確認","\u001b[31m      bookの一覧表示(tableタグ)と投稿フォームが同一画面に表示されているか (FAILED - 5)\u001b[0m","\u001b[31m      bookのタイトルと感想を表示し、詳細・編集・削除のリンクが表示されているか (FAILED - 6)\u001b[0m","\u001b[31m      Create Bookボタンが表示される (FAILED - 7)\u001b[0m","    投稿処理に関するテスト","\u001b[31m      投稿に成功しサクセスメッセージが表示されるか (FAILED - 8)\u001b[0m","\u001b[31m      投稿に失敗する (FAILED - 9)\u001b[0m","\u001b[31m      投稿後のリダイレクト先は正しいか (FAILED - 10)\u001b[0m","    book削除のテスト","\u001b[31m      application.html.erbにjavascript_pack_tagを含んでいるか (FAILED - 11)\u001b[0m","\u001b[31m      bookの削除 (FAILED - 12)\u001b[0m","  詳細画面のテスト","    表示の確認","\u001b[32m      本のタイトルと感想が画面に表示されていること\u001b[0m","\u001b[32m      Editリンクが表示される\u001b[0m","\u001b[32m      Backリンクが表示される\u001b[0m","    リンクの遷移先の確認","\u001b[31m      Editの遷移先は編集画面か (FAILED - 13)\u001b[0m","\u001b[31m      Backの遷移先は一覧画面か (FAILED - 14)\u001b[0m","  編集画面のテスト","    表示の確認","\u001b[32m      編集前のタイトルと感想がフォームに表示(セット)されている\u001b[0m","\u001b[31m      Update Bookボタンが表示される (FAILED - 15)\u001b[0m","\u001b[32m      Showリンクが表示される\u001b[0m","\u001b[32m      Backリンクが表示される\u001b[0m","    リンクの遷移先の確認","\u001b[32m      Showの遷移先は詳細画面か\u001b[0m","\u001b[31m      Backの遷移先は一覧画面か (FAILED - 16)\u001b[0m","    更新処理に関するテスト","\u001b[31m      更新に成功しサクセスメッセージが表示されるか (FAILED - 17)\u001b[0m","\u001b[31m      更新に失敗しエラーメッセージが表示されるか (FAILED - 18)\u001b[0m","\u001b[31m      更新後のリダイレクト先は正しいか (FAILED - 19)\u001b[0m","","Failures:","","  1) Book モデルに関するテスト titleを空白で投稿した場合に画面にエラーメッセージが表示されているか エラーメッセージは正しく表示されるか","     \u001b[31mFailure/Error: visit books_path\u001b[0m","     \u001b[31m\u001b[0m","     \u001b[31mActionController::MissingExactTemplate:\u001b[0m","     \u001b[31m  BooksController#top is missing a template for request formats: text/html\u001b[0m","     \u001b[36m# /home/ec2-user/.rvm/gems/ruby-3.1.2/gems/actiontext-6.1.7.4/lib/action_text/rendering.rb:20:in `with_renderer'\u001b[0m","     \u001b[36m# /home/ec2-user/.rvm/gems/ruby-3.1.2/gems/actiontext-6.1.7.4/lib/action_text/engine.rb:59:in `block (4 levels) in <class:Engine>'\u001b[0m","     \u001b[36m# /home/ec2-user/.rvm/gems/ruby-3.1.2/gems/rack-2.2.8/lib/rack/tempfile_reaper.rb:15:in `call'\u001b[0m","     \u001b[36m# /home/ec2-user/.rvm/gems/ruby-3.1.2/gems/rack-2.2.8/lib/rack/etag.rb:27:in `call'\u001b[0m","     \u001b[36m# /home/ec2-user/.rvm/gems/ruby-3.1.2/gems/rack-2.2.8/lib/rack/conditional_get.rb:27:in `call'\u001b[0m","     \u001b[36m# /home/ec2-user/.rvm/gems/ruby-3.1.2/gems/rack-2.2.8/lib/rack/head.rb:12:in `call'\u001b[0m","     \u001b[36m# /home/ec2-user/.rvm/gems/ruby-3.1.2/gems/rack-2.2.8/lib/rack/session/abstract/id.rb:266:in `context'\u001b[0m","     \u001b[36m# /home/ec2-user/.rvm/gems/ruby-3.1.2/gems/rack-2.2.8/lib/rack/session/abstract/id.rb:260:in `call'\u001b[0m","     \u001b[36m# /home/ec2-user/.rvm/gems/ruby-3.1.2/gems/railties-6.1.7.4/lib/rails/rack/logger.rb:37:in `call_app'\u001b[0m","     \u001b[36m# /home/ec2-user/.rvm/gems/ruby-3.1.2/gems/railties-6.1.7.4/lib/rails/rack/logger.rb:26:in `block in call'\u001b[0m","     \u001b[36m# /home/ec2-user/.rvm/gems/ruby-3.1.2/gems/railties-6.1.7.4/lib/rails/rack/logger.rb:26:in `call'\u001b[0m","     \u001b[36m# /home/ec2-user/.rvm/gems/ruby-3.1.2/gems/rack-2.2.8/lib/rack/method_override.rb:24:in `call'\u001b[0m","     \u001b[36m# /home/ec2-user/.rvm/gems/ruby-3.1.2/gems/rack-2.2.8/lib/rack/runtime.rb:22:in `call'\u001b[0m","     \u001b[36m# /home/ec2-user/.rvm/gems/ruby-3.1.2/gems/rack-2.2.8/lib/rack/sendfile.rb:110:in `call'\u001b[0m","     \u001b[36m# /home/ec2-user/.rvm/gems/ruby-3.1.2/gems/railties-6.1.7.4/lib/rails/engine.rb:539:in `call'\u001b[0m","     \u001b[36m# /home/ec2-user/.rvm/gems/ruby-3.1.2/gems/rack-2.2.8/lib/rack/urlmap.rb:74:in `block in call'\u001b[0m","     \u001b[36m# /home/ec2-user/.rvm/gems/ruby-3.1.2/gems/rack-2.2.8/lib/rack/urlmap.rb:58:in `each'\u001b[0m","     \u001b[36m# /home/ec2-user/.rvm/gems/ruby-3.1.2/gems/rack-2.2.8/lib/rack/urlmap.rb:58:in `call'\u001b[0m","     \u001b[36m# /home/ec2-user/.rvm/gems/ruby-3.1.2/gems/rack-2.2.8/lib/rack/builder.rb:244:in `call'\u001b[0m","     \u001b[36m# /home/ec2-user/.rvm/gems/ruby-3.1.2/gems/rack-test-2.1.0/lib/rack/test.rb:360:in `process_request'\u001b[0m","     \u001b[36m# /home/ec2-user/.rvm/gems/ruby-3.1.2/gems/rack-test-2.1.0/lib/rack/test.rb:163:in `custom_request'\u001b[0m","     \u001b[36m# /home/ec2-user/.rvm/gems/ruby-3.1.2/gems/rack-test-2.1.0/lib/rack/test.rb:112:in `get'\u001b[0m","     \u001b[36m# /home/ec2-user/.rvm/gems/ruby-3.1.2/gems/capybara-3.39.2/lib/capybara/rack_test/browser.rb:80:in `process'\u001b[0m","     \u001b[36m# /home/ec2-user/.rvm/gems/ruby-3.1.2/gems/capybara-3.39.2/lib/capybara/rack_test/browser.rb:55:in `process_and_follow_redirects'\u001b[0m","     \u001b[36m# /home/ec2-user/.rvm/gems/ruby-3.1.2/gems/capybara-3.39.2/lib/capybara/rack_test/browser.rb:26:in `visit'\u001b[0m","     \u001b[36m# /home/ec2-user/.rvm/gems/ruby-3.1.2/gems/capybara-3.39.2/lib/capybara/rack_test/driver.rb:46:in `visit'\u001b[0m","     \u001b[36m# /home/ec2-user/.rvm/gems/ruby-3.1.2/gems/capybara-3.39.2/lib/capybara/session.rb:280:in `visit'\u001b[0m","     \u001b[36m# /home/ec2-user/.rvm/gems/ruby-3.1.2/gems/capybara-3.39.2/lib/capybara/dsl.rb:52:in `call'\u001b[0m","     \u001b[36m# /home/ec2-user/.rvm/gems/ruby-3.1.2/gems/capybara-3.39.2/lib/capybara/dsl.rb:52:in `visit'\u001b[0m","     \u001b[36m# ./spec/models/book_spec.rb:25:in `block (3 levels) in <top (required)>'\u001b[0m","","  2) Book モデルに関するテスト bodyを空白で投稿した場合に画面にエラーメッセージが表示されているか エラーメッセージは正しく表示されるか","     \u001b[31mFailure/Error: visit books_path\u001b[0m","     \u001b[31m\u001b[0m","     \u001b[31mActionController::MissingExactTemplate:\u001b[0m","     \u001b[31m  BooksController#top is missing a template for request formats: text/html\u001b[0m","     \u001b[36m# /home/ec2-user/.rvm/gems/ruby-3.1.2/gems/actiontext-6.1.7.4/lib/action_text/rendering.rb:20:in `with_renderer'\u001b[0m","     \u001b[36m# /home/ec2-user/.rvm/gems/ruby-3.1.2/gems/actiontext-6.1.7.4/lib/action_text/engine.rb:59:in `block (4 levels) in <class:Engine>'\u001b[0m","     \u001b[36m# /home/ec2-user/.rvm/gems/ruby-3.1.2/gems/rack-2.2.8/lib/rack/tempfile_reaper.rb:15:in `call'\u001b[0m","     \u001b[36m# /home/ec2-user/.rvm/gems/ruby-3.1.2/gems/rack-2.2.8/lib/rack/etag.rb:27:in `call'\u001b[0m","     \u001b[36m# /home/ec2-user/.rvm/gems/ruby-3.1.2/gems/rack-2.2.8/lib/rack/conditional_get.rb:27:in `call'\u001b[0m","     \u001b[36m# /home/ec2-user/.rvm/gems/ruby-3.1.2/gems/rack-2.2.8/lib/rack/head.rb:12:in `call'\u001b[0m","     \u001b[36m# /home/ec2-user/.rvm/gems/ruby-3.1.2/gems/rack-2.2.8/lib/rack/session/abstract/id.rb:266:in `context'\u001b[0m","     \u001b[36m# /home/ec2-user/.rvm/gems/ruby-3.1.2/gems/rack-2.2.8/lib/rack/session/abstract/id.rb:260:in `call'\u001b[0m","     \u001b[36m# /home/ec2-user/.rvm/gems/ruby-3.1.2/gems/railties-6.1.7.4/lib/rails/rack/logger.rb:37:in `call_app'\u001b[0m","     \u001b[36m# /home/ec2-user/.rvm/gems/ruby-3.1.2/gems/railties-6.1.7.4/lib/rails/rack/logger.rb:26:in `block in call'\u001b[0m","     \u001b[36m# /home/ec2-user/.rvm/gems/ruby-3.1.2/gems/railties-6.1.7.4/lib/rails/rack/logger.rb:26:in `call'\u001b[0m","     \u001b[36m# /home/ec2-user/.rvm/gems/ruby-3.1.2/gems/rack-2.2.8/lib/rack/method_override.rb:24:in `call'\u001b[0m","     \u001b[36m# /home/ec2-user/.rvm/gems/ruby-3.1.2/gems/rack-2.2.8/lib/rack/runtime.rb:22:in `call'\u001b[0m","     \u001b[36m# /home/ec2-user/.rvm/gems/ruby-3.1.2/gems/rack-2.2.8/lib/rack/sendfile.rb:110:in `call'\u001b[0m","     \u001b[36m# /home/ec2-user/.rvm/gems/ruby-3.1.2/gems/railties-6.1.7.4/lib/rails/engine.rb:539:in `call'\u001b[0m","     \u001b[36m# /home/ec2-user/.rvm/gems/ruby-3.1.2/gems/rack-2.2.8/lib/rack/urlmap.rb:74:in `block in call'\u001b[0m","     \u001b[36m# /home/ec2-user/.rvm/gems/ruby-3.1.2/gems/rack-2.2.8/lib/rack/urlmap.rb:58:in `each'\u001b[0m","     \u001b[36m# /home/ec2-user/.rvm/gems/ruby-3.1.2/gems/rack-2.2.8/lib/rack/urlmap.rb:58:in `call'\u001b[0m","     \u001b[36m# /home/ec2-user/.rvm/gems/ruby-3.1.2/gems/rack-2.2.8/lib/rack/builder.rb:244:in `call'\u001b[0m","     \u001b[36m# /home/ec2-user/.rvm/gems/ruby-3.1.2/gems/rack-test-2.1.0/lib/rack/test.rb:360:in `process_request'\u001b[0m","     \u001b[36m# /home/ec2-user/.rvm/gems/ruby-3.1.2/gems/rack-test-2.1.0/lib/rack/test.rb:163:in `custom_request'\u001b[0m","     \u001b[36m# /home/ec2-user/.rvm/gems/ruby-3.1.2/gems/rack-test-2.1.0/lib/rack/test.rb:112:in `get'\u001b[0m","     \u001b[36m# /home/ec2-user/.rvm/gems/ruby-3.1.2/gems/capybara-3.39.2/lib/capybara/rack_test/browser.rb:80:in `process'\u001b[0m","     \u001b[36m# /home/ec2-user/.rvm/gems/ruby-3.1.2/gems/capybara-3.39.2/lib/capybara/rack_test/browser.rb:55:in `process_and_follow_redirects'\u001b[0m","     \u001b[36m# /home/ec2-user/.rvm/gems/ruby-3.1.2/gems/capybara-3.39.2/lib/capybara/rack_test/browser.rb:26:in `visit'\u001b[0m","     \u001b[36m# /home/ec2-user/.rvm/gems/ruby-3.1.2/gems/capybara-3.39.2/lib/capybara/rack_test/driver.rb:46:in `visit'\u001b[0m","     \u001b[36m# /home/ec2-user/.rvm/gems/ruby-3.1.2/gems/capybara-3.39.2/lib/capybara/session.rb:280:in `visit'\u001b[0m","     \u001b[36m# /home/ec2-user/.rvm/gems/ruby-3.1.2/gems/capybara-3.39.2/lib/capybara/dsl.rb:52:in `call'\u001b[0m","     \u001b[36m# /home/ec2-user/.rvm/gems/ruby-3.1.2/gems/capybara-3.39.2/lib/capybara/dsl.rb:52:in `visit'\u001b[0m","     \u001b[36m# ./spec/models/book_spec.rb:35:in `block (3 levels) in <top (required)>'\u001b[0m","","  3) 投稿のテスト トップ画面(root_path)のテスト 表示の確認 トップ画面(root_path)に一覧ページへのリンクが表示されているか","     \u001b[31mFailure/Error: visit root_path\u001b[0m","     \u001b[31m\u001b[0m","     \u001b[31mNameError:\u001b[0m","     \u001b[31m  undefined local variable or method `root_path' for #<RSpec::ExampleGroups::Nested::RootPath::Nested \"トップ画面(root_path)に一覧ページへのリンクが表示されているか\" (./spec/system/books_spec.rb:10)>\u001b[0m","     \u001b[36m# ./spec/system/books_spec.rb:7:in `block (3 levels) in <main>'\u001b[0m","","  4) 投稿のテスト トップ画面(root_path)のテスト 表示の確認 root_pathが\"/\"であるか","     \u001b[31mFailure/Error: visit root_path\u001b[0m","     \u001b[31m\u001b[0m","     \u001b[31mNameError:\u001b[0m","     \u001b[31m  undefined local variable or method `root_path' for #<RSpec::ExampleGroups::Nested::RootPath::Nested \"root_pathが\"/\"であるか\" (./spec/system/books_spec.rb:13)>\u001b[0m","     \u001b[36m# ./spec/system/books_spec.rb:7:in `block (3 levels) in <main>'\u001b[0m","","  5) 投稿のテスト 一覧画面のテスト 一覧の表示とリンクの確認 bookの一覧表示(tableタグ)と投稿フォームが同一画面に表示されているか","     \u001b[31mFailure/Error: visit books_path\u001b[0m","     \u001b[31m\u001b[0m","     \u001b[31mActionController::MissingExactTemplate:\u001b[0m","     \u001b[31m  BooksController#top is missing a template for request formats: text/html\u001b[0m","     \u001b[36m# /home/ec2-user/.rvm/gems/ruby-3.1.2/gems/actiontext-6.1.7.4/lib/action_text/rendering.rb:20:in `with_renderer'\u001b[0m","     \u001b[36m# /home/ec2-user/.rvm/gems/ruby-3.1.2/gems/actiontext-6.1.7.4/lib/action_text/engine.rb:59:in `block (4 levels) in <class:Engine>'\u001b[0m","     \u001b[36m# /home/ec2-user/.rvm/gems/ruby-3.1.2/gems/rack-2.2.8/lib/rack/tempfile_reaper.rb:15:in `call'\u001b[0m","     \u001b[36m# /home/ec2-user/.rvm/gems/ruby-3.1.2/gems/rack-2.2.8/lib/rack/etag.rb:27:in `call'\u001b[0m","     \u001b[36m# /home/ec2-user/.rvm/gems/ruby-3.1.2/gems/rack-2.2.8/lib/rack/conditional_get.rb:27:in `call'\u001b[0m","     \u001b[36m# /home/ec2-user/.rvm/gems/ruby-3.1.2/gems/rack-2.2.8/lib/rack/head.rb:12:in `call'\u001b[0m","     \u001b[36m# /home/ec2-user/.rvm/gems/ruby-3.1.2/gems/rack-2.2.8/lib/rack/session/abstract/id.rb:266:in `context'\u001b[0m","     \u001b[36m# /home/ec2-user/.rvm/gems/ruby-3.1.2/gems/rack-2.2.8/lib/rack/session/abstract/id.rb:260:in `call'\u001b[0m","     \u001b[36m# /home/ec2-user/.rvm/gems/ruby-3.1.2/gems/railties-6.1.7.4/lib/rails/rack/logger.rb:37:in `call_app'\u001b[0m","     \u001b[36m# /home/ec2-user/.rvm/gems/ruby-3.1.2/gems/railties-6.1.7.4/lib/rails/rack/logger.rb:26:in `block in call'\u001b[0m","     \u001b[36m# /home/ec2-user/.rvm/gems/ruby-3.1.2/gems/railties-6.1.7.4/lib/rails/rack/logger.rb:26:in `call'\u001b[0m","     \u001b[36m# /home/ec2-user/.rvm/gems/ruby-3.1.2/gems/rack-2.2.8/lib/rack/method_override.rb:24:in `call'\u001b[0m","     \u001b[36m# /home/ec2-user/.rvm/gems/ruby-3.1.2/gems/rack-2.2.8/lib/rack/runtime.rb:22:in `call'\u001b[0m","     \u001b[36m# /home/ec2-user/.rvm/gems/ruby-3.1.2/gems/rack-2.2.8/lib/rack/sendfile.rb:110:in `call'\u001b[0m","     \u001b[36m# /home/ec2-user/.rvm/gems/ruby-3.1.2/gems/railties-6.1.7.4/lib/rails/engine.rb:539:in `call'\u001b[0m","     \u001b[36m# /home/ec2-user/.rvm/gems/ruby-3.1.2/gems/rack-2.2.8/lib/rack/urlmap.rb:74:in `block in call'\u001b[0m","     \u001b[36m# /home/ec2-user/.rvm/gems/ruby-3.1.2/gems/rack-2.2.8/lib/rack/urlmap.rb:58:in `each'\u001b[0m","     \u001b[36m# /home/ec2-user/.rvm/gems/ruby-3.1.2/gems/rack-2.2.8/lib/rack/urlmap.rb:58:in `call'\u001b[0m","     \u001b[36m# /home/ec2-user/.rvm/gems/ruby-3.1.2/gems/rack-2.2.8/lib/rack/builder.rb:244:in `call'\u001b[0m","     \u001b[36m# /home/ec2-user/.rvm/gems/ruby-3.1.2/gems/rack-test-2.1.0/lib/rack/test.rb:360:in `process_request'\u001b[0m","     \u001b[36m# /home/ec2-user/.rvm/gems/ruby-3.1.2/gems/rack-test-2.1.0/lib/rack/test.rb:163:in `custom_request'\u001b[0m","     \u001b[36m# /home/ec2-user/.rvm/gems/ruby-3.1.2/gems/rack-test-2.1.0/lib/rack/test.rb:112:in `get'\u001b[0m","     \u001b[36m# /home/ec2-user/.rvm/gems/ruby-3.1.2/gems/capybara-3.39.2/lib/capybara/rack_test/browser.rb:80:in `process'\u001b[0m","     \u001b[36m# /home/ec2-user/.rvm/gems/ruby-3.1.2/gems/capybara-3.39.2/lib/capybara/rack_test/browser.rb:55:in `process_and_follow_redirects'\u001b[0m","     \u001b[36m# /home/ec2-user/.rvm/gems/ruby-3.1.2/gems/capybara-3.39.2/lib/capybara/rack_test/browser.rb:26:in `visit'\u001b[0m","     \u001b[36m# /home/ec2-user/.rvm/gems/ruby-3.1.2/gems/capybara-3.39.2/lib/capybara/rack_test/driver.rb:46:in `visit'\u001b[0m","     \u001b[36m# /home/ec2-user/.rvm/gems/ruby-3.1.2/gems/capybara-3.39.2/lib/capybara/session.rb:280:in `visit'\u001b[0m","     \u001b[36m# /home/ec2-user/.rvm/gems/ruby-3.1.2/gems/capybara-3.39.2/lib/capybara/dsl.rb:52:in `call'\u001b[0m","     \u001b[36m# /home/ec2-user/.rvm/gems/ruby-3.1.2/gems/capybara-3.39.2/lib/capybara/dsl.rb:52:in `visit'\u001b[0m","     \u001b[36m# ./spec/system/books_spec.rb:20:in `block (3 levels) in <main>'\u001b[0m","","  6) 投稿のテスト 一覧画面のテスト 一覧の表示とリンクの確認 bookのタイトルと感想を表示し、詳細・編集・削除のリンクが表示されているか","     \u001b[31mFailure/Error: visit books_path\u001b[0m","     \u001b[31m\u001b[0m","     \u001b[31mActionController::MissingExactTemplate:\u001b[0m","     \u001b[31m  BooksController#top is missing a template for request formats: text/html\u001b[0m","     \u001b[36m# /home/ec2-user/.rvm/gems/ruby-3.1.2/gems/actiontext-6.1.7.4/lib/action_text/rendering.rb:20:in `with_renderer'\u001b[0m","     \u001b[36m# /home/ec2-user/.rvm/gems/ruby-3.1.2/gems/actiontext-6.1.7.4/lib/action_text/engine.rb:59:in `block (4 levels) in <class:Engine>'\u001b[0m","     \u001b[36m# /home/ec2-user/.rvm/gems/ruby-3.1.2/gems/rack-2.2.8/lib/rack/tempfile_reaper.rb:15:in `call'\u001b[0m","     \u001b[36m# /home/ec2-user/.rvm/gems/ruby-3.1.2/gems/rack-2.2.8/lib/rack/etag.rb:27:in `call'\u001b[0m","     \u001b[36m# /home/ec2-user/.rvm/gems/ruby-3.1.2/gems/rack-2.2.8/lib/rack/conditional_get.rb:27:in `call'\u001b[0m","     \u001b[36m# /home/ec2-user/.rvm/gems/ruby-3.1.2/gems/rack-2.2.8/lib/rack/head.rb:12:in `call'\u001b[0m","     \u001b[36m# /home/ec2-user/.rvm/gems/ruby-3.1.2/gems/rack-2.2.8/lib/rack/session/abstract/id.rb:266:in `context'\u001b[0m","     \u001b[36m# /home/ec2-user/.rvm/gems/ruby-3.1.2/gems/rack-2.2.8/lib/rack/session/abstract/id.rb:260:in `call'\u001b[0m","     \u001b[36m# /home/ec2-user/.rvm/gems/ruby-3.1.2/gems/railties-6.1.7.4/lib/rails/rack/logger.rb:37:in `call_app'\u001b[0m","     \u001b[36m# /home/ec2-user/.rvm/gems/ruby-3.1.2/gems/railties-6.1.7.4/lib/rails/rack/logger.rb:26:in `block in call'\u001b[0m","     \u001b[36m# /home/ec2-user/.rvm/gems/ruby-3.1.2/gems/railties-6.1.7.4/lib/rails/rack/logger.rb:26:in `call'\u001b[0m","     \u001b[36m# /home/ec2-user/.rvm/gems/ruby-3.1.2/gems/rack-2.2.8/lib/rack/method_override.rb:24:in `call'\u001b[0m","     \u001b[36m# /home/ec2-user/.rvm/gems/ruby-3.1.2/gems/rack-2.2.8/lib/rack/runtime.rb:22:in `call'\u001b[0m","     \u001b[36m# /home/ec2-user/.rvm/gems/ruby-3.1.2/gems/rack-2.2.8/lib/rack/sendfile.rb:110:in `call'\u001b[0m","     \u001b[36m# /home/ec2-user/.rvm/gems/ruby-3.1.2/gems/railties-6.1.7.4/lib/rails/engine.rb:539:in `call'\u001b[0m","     \u001b[36m# /home/ec2-user/.rvm/gems/ruby-3.1.2/gems/rack-2.2.8/lib/rack/urlmap.rb:74:in `block in call'\u001b[0m","     \u001b[36m# /home/ec2-user/.rvm/gems/ruby-3.1.2/gems/rack-2.2.8/lib/rack/urlmap.rb:58:in `each'\u001b[0m","     \u001b[36m# /home/ec2-user/.rvm/gems/ruby-3.1.2/gems/rack-2.2.8/lib/rack/urlmap.rb:58:in `call'\u001b[0m","     \u001b[36m# /home/ec2-user/.rvm/gems/ruby-3.1.2/gems/rack-2.2.8/lib/rack/builder.rb:244:in `call'\u001b[0m","     \u001b[36m# /home/ec2-user/.rvm/gems/ruby-3.1.2/gems/rack-test-2.1.0/lib/rack/test.rb:360:in `process_request'\u001b[0m","     \u001b[36m# /home/ec2-user/.rvm/gems/ruby-3.1.2/gems/rack-test-2.1.0/lib/rack/test.rb:163:in `custom_request'\u001b[0m","     \u001b[36m# /home/ec2-user/.rvm/gems/ruby-3.1.2/gems/rack-test-2.1.0/lib/rack/test.rb:112:in `get'\u001b[0m","     \u001b[36m# /home/ec2-user/.rvm/gems/ruby-3.1.2/gems/capybara-3.39.2/lib/capybara/rack_test/browser.rb:80:in `process'\u001b[0m","     \u001b[36m# /home/ec2-user/.rvm/gems/ruby-3.1.2/gems/capybara-3.39.2/lib/capybara/rack_test/browser.rb:55:in `process_and_follow_redirects'\u001b[0m","     \u001b[36m# /home/ec2-user/.rvm/gems/ruby-3.1.2/gems/capybara-3.39.2/lib/capybara/rack_test/browser.rb:26:in `visit'\u001b[0m","     \u001b[36m# /home/ec2-user/.rvm/gems/ruby-3.1.2/gems/capybara-3.39.2/lib/capybara/rack_test/driver.rb:46:in `visit'\u001b[0m","     \u001b[36m# /home/ec2-user/.rvm/gems/ruby-3.1.2/gems/capybara-3.39.2/lib/capybara/session.rb:280:in `visit'\u001b[0m","     \u001b[36m# /home/ec2-user/.rvm/gems/ruby-3.1.2/gems/capybara-3.39.2/lib/capybara/dsl.rb:52:in `call'\u001b[0m","     \u001b[36m# /home/ec2-user/.rvm/gems/ruby-3.1.2/gems/capybara-3.39.2/lib/capybara/dsl.rb:52:in `visit'\u001b[0m","     \u001b[36m# ./spec/system/books_spec.rb:20:in `block (3 levels) in <main>'\u001b[0m","","  7) 投稿のテスト 一覧画面のテスト 一覧の表示とリンクの確認 Create Bookボタンが表示される","     \u001b[31mFailure/Error: visit books_path\u001b[0m","     \u001b[31m\u001b[0m","     \u001b[31mActionController::MissingExactTemplate:\u001b[0m","     \u001b[31m  BooksController#top is missing a template for request formats: text/html\u001b[0m","     \u001b[36m# /home/ec2-user/.rvm/gems/ruby-3.1.2/gems/actiontext-6.1.7.4/lib/action_text/rendering.rb:20:in `with_renderer'\u001b[0m","     \u001b[36m# /home/ec2-user/.rvm/gems/ruby-3.1.2/gems/actiontext-6.1.7.4/lib/action_text/engine.rb:59:in `block (4 levels) in <class:Engine>'\u001b[0m","     \u001b[36m# /home/ec2-user/.rvm/gems/ruby-3.1.2/gems/rack-2.2.8/lib/rack/tempfile_reaper.rb:15:in `call'\u001b[0m","     \u001b[36m# /home/ec2-user/.rvm/gems/ruby-3.1.2/gems/rack-2.2.8/lib/rack/etag.rb:27:in `call'\u001b[0m","     \u001b[36m# /home/ec2-user/.rvm/gems/ruby-3.1.2/gems/rack-2.2.8/lib/rack/conditional_get.rb:27:in `call'\u001b[0m","     \u001b[36m# /home/ec2-user/.rvm/gems/ruby-3.1.2/gems/rack-2.2.8/lib/rack/head.rb:12:in `call'\u001b[0m","     \u001b[36m# /home/ec2-user/.rvm/gems/ruby-3.1.2/gems/rack-2.2.8/lib/rack/session/abstract/id.rb:266:in `context'\u001b[0m","     \u001b[36m# /home/ec2-user/.rvm/gems/ruby-3.1.2/gems/rack-2.2.8/lib/rack/session/abstract/id.rb:260:in `call'\u001b[0m","     \u001b[36m# /home/ec2-user/.rvm/gems/ruby-3.1.2/gems/railties-6.1.7.4/lib/rails/rack/logger.rb:37:in `call_app'\u001b[0m","     \u001b[36m# /home/ec2-user/.rvm/gems/ruby-3.1.2/gems/railties-6.1.7.4/lib/rails/rack/logger.rb:26:in `block in call'\u001b[0m","     \u001b[36m# /home/ec2-user/.rvm/gems/ruby-3.1.2/gems/railties-6.1.7.4/lib/rails/rack/logger.rb:26:in `call'\u001b[0m","     \u001b[36m# /home/ec2-user/.rvm/gems/ruby-3.1.2/gems/rack-2.2.8/lib/rack/method_override.rb:24:in `call'\u001b[0m","     \u001b[36m# /home/ec2-user/.rvm/gems/ruby-3.1.2/gems/rack-2.2.8/lib/rack/runtime.rb:22:in `call'\u001b[0m","     \u001b[36m# /home/ec2-user/.rvm/gems/ruby-3.1.2/gems/rack-2.2.8/lib/rack/sendfile.rb:110:in `call'\u001b[0m","     \u001b[36m# /home/ec2-user/.rvm/gems/ruby-3.1.2/gems/railties-6.1.7.4/lib/rails/engine.rb:539:in `call'\u001b[0m","     \u001b[36m# /home/ec2-user/.rvm/gems/ruby-3.1.2/gems/rack-2.2.8/lib/rack/urlmap.rb:74:in `block in call'\u001b[0m","     \u001b[36m# /home/ec2-user/.rvm/gems/ruby-3.1.2/gems/rack-2.2.8/lib/rack/urlmap.rb:58:in `each'\u001b[0m","     \u001b[36m# /home/ec2-user/.rvm/gems/ruby-3.1.2/gems/rack-2.2.8/lib/rack/urlmap.rb:58:in `call'\u001b[0m","     \u001b[36m# /home/ec2-user/.rvm/gems/ruby-3.1.2/gems/rack-2.2.8/lib/rack/builder.rb:244:in `call'\u001b[0m","     \u001b[36m# /home/ec2-user/.rvm/gems/ruby-3.1.2/gems/rack-test-2.1.0/lib/rack/test.rb:360:in `process_request'\u001b[0m","     \u001b[36m# /home/ec2-user/.rvm/gems/ruby-3.1.2/gems/rack-test-2.1.0/lib/rack/test.rb:163:in `custom_request'\u001b[0m","     \u001b[36m# /home/ec2-user/.rvm/gems/ruby-3.1.2/gems/rack-test-2.1.0/lib/rack/test.rb:112:in `get'\u001b[0m","     \u001b[36m# /home/ec2-user/.rvm/gems/ruby-3.1.2/gems/capybara-3.39.2/lib/capybara/rack_test/browser.rb:80:in `process'\u001b[0m","     \u001b[36m# /home/ec2-user/.rvm/gems/ruby-3.1.2/gems/capybara-3.39.2/lib/capybara/rack_test/browser.rb:55:in `process_and_follow_redirects'\u001b[0m","     \u001b[36m# /home/ec2-user/.rvm/gems/ruby-3.1.2/gems/capybara-3.39.2/lib/capybara/rack_test/browser.rb:26:in `visit'\u001b[0m","     \u001b[36m# /home/ec2-user/.rvm/gems/ruby-3.1.2/gems/capybara-3.39.2/lib/capybara/rack_test/driver.rb:46:in `visit'\u001b[0m","     \u001b[36m# /home/ec2-user/.rvm/gems/ruby-3.1.2/gems/capybara-3.39.2/lib/capybara/session.rb:280:in `visit'\u001b[0m","     \u001b[36m# /home/ec2-user/.rvm/gems/ruby-3.1.2/gems/capybara-3.39.2/lib/capybara/dsl.rb:52:in `call'\u001b[0m","     \u001b[36m# /home/ec2-user/.rvm/gems/ruby-3.1.2/gems/capybara-3.39.2/lib/capybara/dsl.rb:52:in `visit'\u001b[0m","     \u001b[36m# ./spec/system/books_spec.rb:20:in `block (3 levels) in <main>'\u001b[0m","","  8) 投稿のテスト 一覧画面のテスト 投稿処理に関するテスト 投稿に成功しサクセスメッセージが表示されるか","     \u001b[31mFailure/Error: visit books_path\u001b[0m","     \u001b[31m\u001b[0m","     \u001b[31mActionController::MissingExactTemplate:\u001b[0m","     \u001b[31m  BooksController#top is missing a template for request formats: text/html\u001b[0m","     \u001b[36m# /home/ec2-user/.rvm/gems/ruby-3.1.2/gems/actiontext-6.1.7.4/lib/action_text/rendering.rb:20:in `with_renderer'\u001b[0m","     \u001b[36m# /home/ec2-user/.rvm/gems/ruby-3.1.2/gems/actiontext-6.1.7.4/lib/action_text/engine.rb:59:in `block (4 levels) in <class:Engine>'\u001b[0m","     \u001b[36m# /home/ec2-user/.rvm/gems/ruby-3.1.2/gems/rack-2.2.8/lib/rack/tempfile_reaper.rb:15:in `call'\u001b[0m","     \u001b[36m# /home/ec2-user/.rvm/gems/ruby-3.1.2/gems/rack-2.2.8/lib/rack/etag.rb:27:in `call'\u001b[0m","     \u001b[36m# /home/ec2-user/.rvm/gems/ruby-3.1.2/gems/rack-2.2.8/lib/rack/conditional_get.rb:27:in `call'\u001b[0m","     \u001b[36m# /home/ec2-user/.rvm/gems/ruby-3.1.2/gems/rack-2.2.8/lib/rack/head.rb:12:in `call'\u001b[0m","     \u001b[36m# /home/ec2-user/.rvm/gems/ruby-3.1.2/gems/rack-2.2.8/lib/rack/session/abstract/id.rb:266:in `context'\u001b[0m","     \u001b[36m# /home/ec2-user/.rvm/gems/ruby-3.1.2/gems/rack-2.2.8/lib/rack/session/abstract/id.rb:260:in `call'\u001b[0m","     \u001b[36m# /home/ec2-user/.rvm/gems/ruby-3.1.2/gems/railties-6.1.7.4/lib/rails/rack/logger.rb:37:in `call_app'\u001b[0m","     \u001b[36m# /home/ec2-user/.rvm/gems/ruby-3.1.2/gems/railties-6.1.7.4/lib/rails/rack/logger.rb:26:in `block in call'\u001b[0m","     \u001b[36m# /home/ec2-user/.rvm/gems/ruby-3.1.2/gems/railties-6.1.7.4/lib/rails/rack/logger.rb:26:in `call'\u001b[0m","     \u001b[36m# /home/ec2-user/.rvm/gems/ruby-3.1.2/gems/rack-2.2.8/lib/rack/method_override.rb:24:in `call'\u001b[0m","     \u001b[36m# /home/ec2-user/.rvm/gems/ruby-3.1.2/gems/rack-2.2.8/lib/rack/runtime.rb:22:in `call'\u001b[0m","     \u001b[36m# /home/ec2-user/.rvm/gems/ruby-3.1.2/gems/rack-2.2.8/lib/rack/sendfile.rb:110:in `call'\u001b[0m","     \u001b[36m# /home/ec2-user/.rvm/gems/ruby-3.1.2/gems/railties-6.1.7.4/lib/rails/engine.rb:539:in `call'\u001b[0m","     \u001b[36m# /home/ec2-user/.rvm/gems/ruby-3.1.2/gems/rack-2.2.8/lib/rack/urlmap.rb:74:in `block in call'\u001b[0m","     \u001b[36m# /home/ec2-user/.rvm/gems/ruby-3.1.2/gems/rack-2.2.8/lib/rack/urlmap.rb:58:in `each'\u001b[0m","     \u001b[36m# /home/ec2-user/.rvm/gems/ruby-3.1.2/gems/rack-2.2.8/lib/rack/urlmap.rb:58:in `call'\u001b[0m","     \u001b[36m# /home/ec2-user/.rvm/gems/ruby-3.1.2/gems/rack-2.2.8/lib/rack/builder.rb:244:in `call'\u001b[0m","     \u001b[36m# /home/ec2-user/.rvm/gems/ruby-3.1.2/gems/rack-test-2.1.0/lib/rack/test.rb:360:in `process_request'\u001b[0m","     \u001b[36m# /home/ec2-user/.rvm/gems/ruby-3.1.2/gems/rack-test-2.1.0/lib/rack/test.rb:163:in `custom_request'\u001b[0m","     \u001b[36m# /home/ec2-user/.rvm/gems/ruby-3.1.2/gems/rack-test-2.1.0/lib/rack/test.rb:112:in `get'\u001b[0m","     \u001b[36m# /home/ec2-user/.rvm/gems/ruby-3.1.2/gems/capybara-3.39.2/lib/capybara/rack_test/browser.rb:80:in `process'\u001b[0m","     \u001b[36m# /home/ec2-user/.rvm/gems/ruby-3.1.2/gems/capybara-3.39.2/lib/capybara/rack_test/browser.rb:55:in `process_and_follow_redirects'\u001b[0m","     \u001b[36m# /home/ec2-user/.rvm/gems/ruby-3.1.2/gems/capybara-3.39.2/lib/capybara/rack_test/browser.rb:26:in `visit'\u001b[0m","     \u001b[36m# /home/ec2-user/.rvm/gems/ruby-3.1.2/gems/capybara-3.39.2/lib/capybara/rack_test/driver.rb:46:in `visit'\u001b[0m","     \u001b[36m# /home/ec2-user/.rvm/gems/ruby-3.1.2/gems/capybara-3.39.2/lib/capybara/session.rb:280:in `visit'\u001b[0m","     \u001b[36m# /home/ec2-user/.rvm/gems/ruby-3.1.2/gems/capybara-3.39.2/lib/capybara/dsl.rb:52:in `call'\u001b[0m","     \u001b[36m# /home/ec2-user/.rvm/gems/ruby-3.1.2/gems/capybara-3.39.2/lib/capybara/dsl.rb:52:in `visit'\u001b[0m","     \u001b[36m# ./spec/system/books_spec.rb:20:in `block (3 levels) in <main>'\u001b[0m","","  9) 投稿のテスト 一覧画面のテスト 投稿処理に関するテスト 投稿に失敗する","     \u001b[31mFailure/Error: visit books_path\u001b[0m","     \u001b[31m\u001b[0m","     \u001b[31mActionController::MissingExactTemplate:\u001b[0m","     \u001b[31m  BooksController#top is missing a template for request formats: text/html\u001b[0m","     \u001b[36m# /home/ec2-user/.rvm/gems/ruby-3.1.2/gems/actiontext-6.1.7.4/lib/action_text/rendering.rb:20:in `with_renderer'\u001b[0m","     \u001b[36m# /home/ec2-user/.rvm/gems/ruby-3.1.2/gems/actiontext-6.1.7.4/lib/action_text/engine.rb:59:in `block (4 levels) in <class:Engine>'\u001b[0m","     \u001b[36m# /home/ec2-user/.rvm/gems/ruby-3.1.2/gems/rack-2.2.8/lib/rack/tempfile_reaper.rb:15:in `call'\u001b[0m","     \u001b[36m# /home/ec2-user/.rvm/gems/ruby-3.1.2/gems/rack-2.2.8/lib/rack/etag.rb:27:in `call'\u001b[0m","     \u001b[36m# /home/ec2-user/.rvm/gems/ruby-3.1.2/gems/rack-2.2.8/lib/rack/conditional_get.rb:27:in `call'\u001b[0m","     \u001b[36m# /home/ec2-user/.rvm/gems/ruby-3.1.2/gems/rack-2.2.8/lib/rack/head.rb:12:in `call'\u001b[0m","     \u001b[36m# /home/ec2-user/.rvm/gems/ruby-3.1.2/gems/rack-2.2.8/lib/rack/session/abstract/id.rb:266:in `context'\u001b[0m","     \u001b[36m# /home/ec2-user/.rvm/gems/ruby-3.1.2/gems/rack-2.2.8/lib/rack/session/abstract/id.rb:260:in `call'\u001b[0m","     \u001b[36m# /home/ec2-user/.rvm/gems/ruby-3.1.2/gems/railties-6.1.7.4/lib/rails/rack/logger.rb:37:in `call_app'\u001b[0m","     \u001b[36m# /home/ec2-user/.rvm/gems/ruby-3.1.2/gems/railties-6.1.7.4/lib/rails/rack/logger.rb:26:in `block in call'\u001b[0m","     \u001b[36m# /home/ec2-user/.rvm/gems/ruby-3.1.2/gems/railties-6.1.7.4/lib/rails/rack/logger.rb:26:in `call'\u001b[0m","     \u001b[36m# /home/ec2-user/.rvm/gems/ruby-3.1.2/gems/rack-2.2.8/lib/rack/method_override.rb:24:in `call'\u001b[0m","     \u001b[36m# /home/ec2-user/.rvm/gems/ruby-3.1.2/gems/rack-2.2.8/lib/rack/runtime.rb:22:in `call'\u001b[0m","     \u001b[36m# /home/ec2-user/.rvm/gems/ruby-3.1.2/gems/rack-2.2.8/lib/rack/sendfile.rb:110:in `call'\u001b[0m","     \u001b[36m# /home/ec2-user/.rvm/gems/ruby-3.1.2/gems/railties-6.1.7.4/lib/rails/engine.rb:539:in `call'\u001b[0m","     \u001b[36m# /home/ec2-user/.rvm/gems/ruby-3.1.2/gems/rack-2.2.8/lib/rack/urlmap.rb:74:in `block in call'\u001b[0m","     \u001b[36m# /home/ec2-user/.rvm/gems/ruby-3.1.2/gems/rack-2.2.8/lib/rack/urlmap.rb:58:in `each'\u001b[0m","     \u001b[36m# /home/ec2-user/.rvm/gems/ruby-3.1.2/gems/rack-2.2.8/lib/rack/urlmap.rb:58:in `call'\u001b[0m","     \u001b[36m# /home/ec2-user/.rvm/gems/ruby-3.1.2/gems/rack-2.2.8/lib/rack/builder.rb:244:in `call'\u001b[0m","     \u001b[36m# /home/ec2-user/.rvm/gems/ruby-3.1.2/gems/rack-test-2.1.0/lib/rack/test.rb:360:in `process_request'\u001b[0m","     \u001b[36m# /home/ec2-user/.rvm/gems/ruby-3.1.2/gems/rack-test-2.1.0/lib/rack/test.rb:163:in `custom_request'\u001b[0m","     \u001b[36m# /home/ec2-user/.rvm/gems/ruby-3.1.2/gems/rack-test-2.1.0/lib/rack/test.rb:112:in `get'\u001b[0m","     \u001b[36m# /home/ec2-user/.rvm/gems/ruby-3.1.2/gems/capybara-3.39.2/lib/capybara/rack_test/browser.rb:80:in `process'\u001b[0m","     \u001b[36m# /home/ec2-user/.rvm/gems/ruby-3.1.2/gems/capybara-3.39.2/lib/capybara/rack_test/browser.rb:55:in `process_and_follow_redirects'\u001b[0m","     \u001b[36m# /home/ec2-user/.rvm/gems/ruby-3.1.2/gems/capybara-3.39.2/lib/capybara/rack_test/browser.rb:26:in `visit'\u001b[0m","     \u001b[36m# /home/ec2-user/.rvm/gems/ruby-3.1.2/gems/capybara-3.39.2/lib/capybara/rack_test/driver.rb:46:in `visit'\u001b[0m","     \u001b[36m# /home/ec2-user/.rvm/gems/ruby-3.1.2/gems/capybara-3.39.2/lib/capybara/session.rb:280:in `visit'\u001b[0m","     \u001b[36m# /home/ec2-user/.rvm/gems/ruby-3.1.2/gems/capybara-3.39.2/lib/capybara/dsl.rb:52:in `call'\u001b[0m","     \u001b[36m# /home/ec2-user/.rvm/gems/ruby-3.1.2/gems/capybara-3.39.2/lib/capybara/dsl.rb:52:in `visit'\u001b[0m","     \u001b[36m# ./spec/system/books_spec.rb:20:in `block (3 levels) in <main>'\u001b[0m","","  10) 投稿のテスト 一覧画面のテスト 投稿処理に関するテスト 投稿後のリダイレクト先は正しいか","      \u001b[31mFailure/Error: visit books_path\u001b[0m","      \u001b[31m\u001b[0m","      \u001b[31mActionController::MissingExactTemplate:\u001b[0m","      \u001b[31m  BooksController#top is missing a template for request formats: text/html\u001b[0m","      \u001b[36m# /home/ec2-user/.rvm/gems/ruby-3.1.2/gems/actiontext-6.1.7.4/lib/action_text/rendering.rb:20:in `with_renderer'\u001b[0m","      \u001b[36m# /home/ec2-user/.rvm/gems/ruby-3.1.2/gems/actiontext-6.1.7.4/lib/action_text/engine.rb:59:in `block (4 levels) in <class:Engine>'\u001b[0m","      \u001b[36m# /home/ec2-user/.rvm/gems/ruby-3.1.2/gems/rack-2.2.8/lib/rack/tempfile_reaper.rb:15:in `call'\u001b[0m","      \u001b[36m# /home/ec2-user/.rvm/gems/ruby-3.1.2/gems/rack-2.2.8/lib/rack/etag.rb:27:in `call'\u001b[0m","      \u001b[36m# /home/ec2-user/.rvm/gems/ruby-3.1.2/gems/rack-2.2.8/lib/rack/conditional_get.rb:27:in `call'\u001b[0m","      \u001b[36m# /home/ec2-user/.rvm/gems/ruby-3.1.2/gems/rack-2.2.8/lib/rack/head.rb:12:in `call'\u001b[0m","      \u001b[36m# /home/ec2-user/.rvm/gems/ruby-3.1.2/gems/rack-2.2.8/lib/rack/session/abstract/id.rb:266:in `context'\u001b[0m","      \u001b[36m# /home/ec2-user/.rvm/gems/ruby-3.1.2/gems/rack-2.2.8/lib/rack/session/abstract/id.rb:260:in `call'\u001b[0m","      \u001b[36m# /home/ec2-user/.rvm/gems/ruby-3.1.2/gems/railties-6.1.7.4/lib/rails/rack/logger.rb:37:in `call_app'\u001b[0m","      \u001b[36m# /home/ec2-user/.rvm/gems/ruby-3.1.2/gems/railties-6.1.7.4/lib/rails/rack/logger.rb:26:in `block in call'\u001b[0m","      \u001b[36m# /home/ec2-user/.rvm/gems/ruby-3.1.2/gems/railties-6.1.7.4/lib/rails/rack/logger.rb:26:in `call'\u001b[0m","      \u001b[36m# /home/ec2-user/.rvm/gems/ruby-3.1.2/gems/rack-2.2.8/lib/rack/method_override.rb:24:in `call'\u001b[0m","      \u001b[36m# /home/ec2-user/.rvm/gems/ruby-3.1.2/gems/rack-2.2.8/lib/rack/runtime.rb:22:in `call'\u001b[0m","      \u001b[36m# /home/ec2-user/.rvm/gems/ruby-3.1.2/gems/rack-2.2.8/lib/rack/sendfile.rb:110:in `call'\u001b[0m","      \u001b[36m# /home/ec2-user/.rvm/gems/ruby-3.1.2/gems/railties-6.1.7.4/lib/rails/engine.rb:539:in `call'\u001b[0m","      \u001b[36m# /home/ec2-user/.rvm/gems/ruby-3.1.2/gems/rack-2.2.8/lib/rack/urlmap.rb:74:in `block in call'\u001b[0m","      \u001b[36m# /home/ec2-user/.rvm/gems/ruby-3.1.2/gems/rack-2.2.8/lib/rack/urlmap.rb:58:in `each'\u001b[0m","      \u001b[36m# /home/ec2-user/.rvm/gems/ruby-3.1.2/gems/rack-2.2.8/lib/rack/urlmap.rb:58:in `call'\u001b[0m","      \u001b[36m# /home/ec2-user/.rvm/gems/ruby-3.1.2/gems/rack-2.2.8/lib/rack/builder.rb:244:in `call'\u001b[0m","      \u001b[36m# /home/ec2-user/.rvm/gems/ruby-3.1.2/gems/rack-test-2.1.0/lib/rack/test.rb:360:in `process_request'\u001b[0m","      \u001b[36m# /home/ec2-user/.rvm/gems/ruby-3.1.2/gems/rack-test-2.1.0/lib/rack/test.rb:163:in `custom_request'\u001b[0m","      \u001b[36m# /home/ec2-user/.rvm/gems/ruby-3.1.2/gems/rack-test-2.1.0/lib/rack/test.rb:112:in `get'\u001b[0m","      \u001b[36m# /home/ec2-user/.rvm/gems/ruby-3.1.2/gems/capybara-3.39.2/lib/capybara/rack_test/browser.rb:80:in `process'\u001b[0m","      \u001b[36m# /home/ec2-user/.rvm/gems/ruby-3.1.2/gems/capybara-3.39.2/lib/capybara/rack_test/browser.rb:55:in `process_and_follow_redirects'\u001b[0m","      \u001b[36m# /home/ec2-user/.rvm/gems/ruby-3.1.2/gems/capybara-3.39.2/lib/capybara/rack_test/browser.rb:26:in `visit'\u001b[0m","      \u001b[36m# /home/ec2-user/.rvm/gems/ruby-3.1.2/gems/capybara-3.39.2/lib/capybara/rack_test/driver.rb:46:in `visit'\u001b[0m","      \u001b[36m# /home/ec2-user/.rvm/gems/ruby-3.1.2/gems/capybara-3.39.2/lib/capybara/session.rb:280:in `visit'\u001b[0m","      \u001b[36m# /home/ec2-user/.rvm/gems/ruby-3.1.2/gems/capybara-3.39.2/lib/capybara/dsl.rb:52:in `call'\u001b[0m","      \u001b[36m# /home/ec2-user/.rvm/gems/ruby-3.1.2/gems/capybara-3.39.2/lib/capybara/dsl.rb:52:in `visit'\u001b[0m","      \u001b[36m# ./spec/system/books_spec.rb:20:in `block (3 levels) in <main>'\u001b[0m","","  11) 投稿のテスト 一覧画面のテスト book削除のテスト application.html.erbにjavascript_pack_tagを含んでいるか","      \u001b[31mFailure/Error: visit books_path\u001b[0m","      \u001b[31m\u001b[0m","      \u001b[31mActionController::MissingExactTemplate:\u001b[0m","      \u001b[31m  BooksController#top is missing a template for request formats: text/html\u001b[0m","      \u001b[36m# /home/ec2-user/.rvm/gems/ruby-3.1.2/gems/actiontext-6.1.7.4/lib/action_text/rendering.rb:20:in `with_renderer'\u001b[0m","      \u001b[36m# /home/ec2-user/.rvm/gems/ruby-3.1.2/gems/actiontext-6.1.7.4/lib/action_text/engine.rb:59:in `block (4 levels) in <class:Engine>'\u001b[0m","      \u001b[36m# /home/ec2-user/.rvm/gems/ruby-3.1.2/gems/rack-2.2.8/lib/rack/tempfile_reaper.rb:15:in `call'\u001b[0m","      \u001b[36m# /home/ec2-user/.rvm/gems/ruby-3.1.2/gems/rack-2.2.8/lib/rack/etag.rb:27:in `call'\u001b[0m","      \u001b[36m# /home/ec2-user/.rvm/gems/ruby-3.1.2/gems/rack-2.2.8/lib/rack/conditional_get.rb:27:in `call'\u001b[0m","      \u001b[36m# /home/ec2-user/.rvm/gems/ruby-3.1.2/gems/rack-2.2.8/lib/rack/head.rb:12:in `call'\u001b[0m","      \u001b[36m# /home/ec2-user/.rvm/gems/ruby-3.1.2/gems/rack-2.2.8/lib/rack/session/abstract/id.rb:266:in `context'\u001b[0m","      \u001b[36m# /home/ec2-user/.rvm/gems/ruby-3.1.2/gems/rack-2.2.8/lib/rack/session/abstract/id.rb:260:in `call'\u001b[0m","      \u001b[36m# /home/ec2-user/.rvm/gems/ruby-3.1.2/gems/railties-6.1.7.4/lib/rails/rack/logger.rb:37:in `call_app'\u001b[0m","      \u001b[36m# /home/ec2-user/.rvm/gems/ruby-3.1.2/gems/railties-6.1.7.4/lib/rails/rack/logger.rb:26:in `block in call'\u001b[0m","      \u001b[36m# /home/ec2-user/.rvm/gems/ruby-3.1.2/gems/railties-6.1.7.4/lib/rails/rack/logger.rb:26:in `call'\u001b[0m","      \u001b[36m# /home/ec2-user/.rvm/gems/ruby-3.1.2/gems/rack-2.2.8/lib/rack/method_override.rb:24:in `call'\u001b[0m","      \u001b[36m# /home/ec2-user/.rvm/gems/ruby-3.1.2/gems/rack-2.2.8/lib/rack/runtime.rb:22:in `call'\u001b[0m","      \u001b[36m# /home/ec2-user/.rvm/gems/ruby-3.1.2/gems/rack-2.2.8/lib/rack/sendfile.rb:110:in `call'\u001b[0m","      \u001b[36m# /home/ec2-user/.rvm/gems/ruby-3.1.2/gems/railties-6.1.7.4/lib/rails/engine.rb:539:in `call'\u001b[0m","      \u001b[36m# /home/ec2-user/.rvm/gems/ruby-3.1.2/gems/rack-2.2.8/lib/rack/urlmap.rb:74:in `block in call'\u001b[0m","      \u001b[36m# /home/ec2-user/.rvm/gems/ruby-3.1.2/gems/rack-2.2.8/lib/rack/urlmap.rb:58:in `each'\u001b[0m","      \u001b[36m# /home/ec2-user/.rvm/gems/ruby-3.1.2/gems/rack-2.2.8/lib/rack/urlmap.rb:58:in `call'\u001b[0m","      \u001b[36m# /home/ec2-user/.rvm/gems/ruby-3.1.2/gems/rack-2.2.8/lib/rack/builder.rb:244:in `call'\u001b[0m","      \u001b[36m# /home/ec2-user/.rvm/gems/ruby-3.1.2/gems/rack-test-2.1.0/lib/rack/test.rb:360:in `process_request'\u001b[0m","      \u001b[36m# /home/ec2-user/.rvm/gems/ruby-3.1.2/gems/rack-test-2.1.0/lib/rack/test.rb:163:in `custom_request'\u001b[0m","      \u001b[36m# /home/ec2-user/.rvm/gems/ruby-3.1.2/gems/rack-test-2.1.0/lib/rack/test.rb:112:in `get'\u001b[0m","      \u001b[36m# /home/ec2-user/.rvm/gems/ruby-3.1.2/gems/capybara-3.39.2/lib/capybara/rack_test/browser.rb:80:in `process'\u001b[0m","      \u001b[36m# /home/ec2-user/.rvm/gems/ruby-3.1.2/gems/capybara-3.39.2/lib/capybara/rack_test/browser.rb:55:in `process_and_follow_redirects'\u001b[0m","      \u001b[36m# /home/ec2-user/.rvm/gems/ruby-3.1.2/gems/capybara-3.39.2/lib/capybara/rack_test/browser.rb:26:in `visit'\u001b[0m","      \u001b[36m# /home/ec2-user/.rvm/gems/ruby-3.1.2/gems/capybara-3.39.2/lib/capybara/rack_test/driver.rb:46:in `visit'\u001b[0m","      \u001b[36m# /home/ec2-user/.rvm/gems/ruby-3.1.2/gems/capybara-3.39.2/lib/capybara/session.rb:280:in `visit'\u001b[0m","      \u001b[36m# /home/ec2-user/.rvm/gems/ruby-3.1.2/gems/capybara-3.39.2/lib/capybara/dsl.rb:52:in `call'\u001b[0m","      \u001b[36m# /home/ec2-user/.rvm/gems/ruby-3.1.2/gems/capybara-3.39.2/lib/capybara/dsl.rb:52:in `visit'\u001b[0m","      \u001b[36m# ./spec/system/books_spec.rb:20:in `block (3 levels) in <main>'\u001b[0m","","  12) 投稿のテスト 一覧画面のテスト book削除のテスト bookの削除","      \u001b[31mFailure/Error: visit books_path\u001b[0m","      \u001b[31m\u001b[0m","      \u001b[31mActionController::MissingExactTemplate:\u001b[0m","      \u001b[31m  BooksController#top is missing a template for request formats: text/html\u001b[0m","      \u001b[36m# /home/ec2-user/.rvm/gems/ruby-3.1.2/gems/actiontext-6.1.7.4/lib/action_text/rendering.rb:20:in `with_renderer'\u001b[0m","      \u001b[36m# /home/ec2-user/.rvm/gems/ruby-3.1.2/gems/actiontext-6.1.7.4/lib/action_text/engine.rb:59:in `block (4 levels) in <class:Engine>'\u001b[0m","      \u001b[36m# /home/ec2-user/.rvm/gems/ruby-3.1.2/gems/rack-2.2.8/lib/rack/tempfile_reaper.rb:15:in `call'\u001b[0m","      \u001b[36m# /home/ec2-user/.rvm/gems/ruby-3.1.2/gems/rack-2.2.8/lib/rack/etag.rb:27:in `call'\u001b[0m","      \u001b[36m# /home/ec2-user/.rvm/gems/ruby-3.1.2/gems/rack-2.2.8/lib/rack/conditional_get.rb:27:in `call'\u001b[0m","      \u001b[36m# /home/ec2-user/.rvm/gems/ruby-3.1.2/gems/rack-2.2.8/lib/rack/head.rb:12:in `call'\u001b[0m","      \u001b[36m# /home/ec2-user/.rvm/gems/ruby-3.1.2/gems/rack-2.2.8/lib/rack/session/abstract/id.rb:266:in `context'\u001b[0m","      \u001b[36m# /home/ec2-user/.rvm/gems/ruby-3.1.2/gems/rack-2.2.8/lib/rack/session/abstract/id.rb:260:in `call'\u001b[0m","      \u001b[36m# /home/ec2-user/.rvm/gems/ruby-3.1.2/gems/railties-6.1.7.4/lib/rails/rack/logger.rb:37:in `call_app'\u001b[0m","      \u001b[36m# /home/ec2-user/.rvm/gems/ruby-3.1.2/gems/railties-6.1.7.4/lib/rails/rack/logger.rb:26:in `block in call'\u001b[0m","      \u001b[36m# /home/ec2-user/.rvm/gems/ruby-3.1.2/gems/railties-6.1.7.4/lib/rails/rack/logger.rb:26:in `call'\u001b[0m","      \u001b[36m# /home/ec2-user/.rvm/gems/ruby-3.1.2/gems/rack-2.2.8/lib/rack/method_override.rb:24:in `call'\u001b[0m","      \u001b[36m# /home/ec2-user/.rvm/gems/ruby-3.1.2/gems/rack-2.2.8/lib/rack/runtime.rb:22:in `call'\u001b[0m","      \u001b[36m# /home/ec2-user/.rvm/gems/ruby-3.1.2/gems/rack-2.2.8/lib/rack/sendfile.rb:110:in `call'\u001b[0m","      \u001b[36m# /home/ec2-user/.rvm/gems/ruby-3.1.2/gems/railties-6.1.7.4/lib/rails/engine.rb:539:in `call'\u001b[0m","      \u001b[36m# /home/ec2-user/.rvm/gems/ruby-3.1.2/gems/rack-2.2.8/lib/rack/urlmap.rb:74:in `block in call'\u001b[0m","      \u001b[36m# /home/ec2-user/.rvm/gems/ruby-3.1.2/gems/rack-2.2.8/lib/rack/urlmap.rb:58:in `each'\u001b[0m","      \u001b[36m# /home/ec2-user/.rvm/gems/ruby-3.1.2/gems/rack-2.2.8/lib/rack/urlmap.rb:58:in `call'\u001b[0m","      \u001b[36m# /home/ec2-user/.rvm/gems/ruby-3.1.2/gems/rack-2.2.8/lib/rack/builder.rb:244:in `call'\u001b[0m","      \u001b[36m# /home/ec2-user/.rvm/gems/ruby-3.1.2/gems/rack-test-2.1.0/lib/rack/test.rb:360:in `process_request'\u001b[0m","      \u001b[36m# /home/ec2-user/.rvm/gems/ruby-3.1.2/gems/rack-test-2.1.0/lib/rack/test.rb:163:in `custom_request'\u001b[0m","      \u001b[36m# /home/ec2-user/.rvm/gems/ruby-3.1.2/gems/rack-test-2.1.0/lib/rack/test.rb:112:in `get'\u001b[0m","      \u001b[36m# /home/ec2-user/.rvm/gems/ruby-3.1.2/gems/capybara-3.39.2/lib/capybara/rack_test/browser.rb:80:in `process'\u001b[0m","      \u001b[36m# /home/ec2-user/.rvm/gems/ruby-3.1.2/gems/capybara-3.39.2/lib/capybara/rack_test/browser.rb:55:in `process_and_follow_redirects'\u001b[0m","      \u001b[36m# /home/ec2-user/.rvm/gems/ruby-3.1.2/gems/capybara-3.39.2/lib/capybara/rack_test/browser.rb:26:in `visit'\u001b[0m","      \u001b[36m# /home/ec2-user/.rvm/gems/ruby-3.1.2/gems/capybara-3.39.2/lib/capybara/rack_test/driver.rb:46:in `visit'\u001b[0m","      \u001b[36m# /home/ec2-user/.rvm/gems/ruby-3.1.2/gems/capybara-3.39.2/lib/capybara/session.rb:280:in `visit'\u001b[0m","      \u001b[36m# /home/ec2-user/.rvm/gems/ruby-3.1.2/gems/capybara-3.39.2/lib/capybara/dsl.rb:52:in `call'\u001b[0m","      \u001b[36m# /home/ec2-user/.rvm/gems/ruby-3.1.2/gems/capybara-3.39.2/lib/capybara/dsl.rb:52:in `visit'\u001b[0m","      \u001b[36m# ./spec/system/books_spec.rb:20:in `block (3 levels) in <main>'\u001b[0m","","  13) 投稿のテスト 詳細画面のテスト リンクの遷移先の確認 Editの遷移先は編集画面か","      \u001b[31mFailure/Error: expect(current_path).to eq('/books/' + book.id.to_s + '/edit')\u001b[0m","      \u001b[31m\u001b[0m","      \u001b[31m  expected: \"/books/1/edit\"\u001b[0m","      \u001b[31m       got: \"/books/edit/1\"\u001b[0m","      \u001b[31m\u001b[0m","      \u001b[31m  (compared using ==)\u001b[0m","      \u001b[36m# ./spec/system/books_spec.rb:117:in `block (4 levels) in <main>'\u001b[0m","","  14) 投稿のテスト 詳細画面のテスト リンクの遷移先の確認 Backの遷移先は一覧画面か","      \u001b[31mFailure/Error: expect(page).to have_current_path books_path\u001b[0m","      \u001b[31m  expected \"/books.1\" to equal \"/books\"\u001b[0m","      \u001b[36m# ./spec/system/books_spec.rb:122:in `block (4 levels) in <main>'\u001b[0m","","  15) 投稿のテスト 編集画面のテスト 表示の確認 Update Bookボタンが表示される","      \u001b[31mFailure/Error: expect(page).to have_button 'Update Book'\u001b[0m","      \u001b[31m  expected to find button \"Update Book\" that is not disabled but there were no matches\u001b[0m","      \u001b[36m# ./spec/system/books_spec.rb:136:in `block (4 levels) in <main>'\u001b[0m","","  16) 投稿のテスト 編集画面のテスト リンクの遷移先の確認 Backの遷移先は一覧画面か","      \u001b[31mFailure/Error: expect(page).to have_current_path books_path\u001b[0m","      \u001b[31m  expected \"/books.1\" to equal \"/books\"\u001b[0m","      \u001b[36m# ./spec/system/books_spec.rb:156:in `block (4 levels) in <main>'\u001b[0m","","  17) 投稿のテスト 編集画面のテスト 更新処理に関するテスト 更新に成功しサクセスメッセージが表示されるか","      \u001b[31mFailure/Error: click_button 'Update Book'\u001b[0m","      \u001b[31m\u001b[0m","      \u001b[31mCapybara::ElementNotFound:\u001b[0m","      \u001b[31m  Unable to find button \"Update Book\" that is not disabled\u001b[0m","      \u001b[36m# /home/ec2-user/.rvm/gems/ruby-3.1.2/gems/capybara-3.39.2/lib/capybara/node/finders.rb:312:in `block in synced_resolve'\u001b[0m","      \u001b[36m# /home/ec2-user/.rvm/gems/ruby-3.1.2/gems/capybara-3.39.2/lib/capybara/node/base.rb:84:in `synchronize'\u001b[0m","      \u001b[36m# /home/ec2-user/.rvm/gems/ruby-3.1.2/gems/capybara-3.39.2/lib/capybara/node/finders.rb:301:in `synced_resolve'\u001b[0m","      \u001b[36m# /home/ec2-user/.rvm/gems/ruby-3.1.2/gems/capybara-3.39.2/lib/capybara/node/finders.rb:60:in `find'\u001b[0m","      \u001b[36m# /home/ec2-user/.rvm/gems/ruby-3.1.2/gems/capybara-3.39.2/lib/capybara/node/actions.rb:58:in `click_button'\u001b[0m","      \u001b[36m# /home/ec2-user/.rvm/gems/ruby-3.1.2/gems/capybara-3.39.2/lib/capybara/session.rb:773:in `click_button'\u001b[0m","      \u001b[36m# /home/ec2-user/.rvm/gems/ruby-3.1.2/gems/capybara-3.39.2/lib/capybara/dsl.rb:52:in `call'\u001b[0m","      \u001b[36m# /home/ec2-user/.rvm/gems/ruby-3.1.2/gems/capybara-3.39.2/lib/capybara/dsl.rb:52:in `click_button'\u001b[0m","      \u001b[36m# ./spec/system/books_spec.rb:163:in `block (4 levels) in <main>'\u001b[0m","","  18) 投稿のテスト 編集画面のテスト 更新処理に関するテスト 更新に失敗しエラーメッセージが表示されるか","      \u001b[31mFailure/Error: click_button 'Update Book'\u001b[0m","      \u001b[31m\u001b[0m","      \u001b[31mCapybara::ElementNotFound:\u001b[0m","      \u001b[31m  Unable to find button \"Update Book\" that is not disabled\u001b[0m","      \u001b[36m# /home/ec2-user/.rvm/gems/ruby-3.1.2/gems/capybara-3.39.2/lib/capybara/node/finders.rb:312:in `block in synced_resolve'\u001b[0m","      \u001b[36m# /home/ec2-user/.rvm/gems/ruby-3.1.2/gems/capybara-3.39.2/lib/capybara/node/base.rb:84:in `synchronize'\u001b[0m","      \u001b[36m# /home/ec2-user/.rvm/gems/ruby-3.1.2/gems/capybara-3.39.2/lib/capybara/node/finders.rb:301:in `synced_resolve'\u001b[0m","      \u001b[36m# /home/ec2-user/.rvm/gems/ruby-3.1.2/gems/capybara-3.39.2/lib/capybara/node/finders.rb:60:in `find'\u001b[0m","      \u001b[36m# /home/ec2-user/.rvm/gems/ruby-3.1.2/gems/capybara-3.39.2/lib/capybara/node/actions.rb:58:in `click_button'\u001b[0m","      \u001b[36m# /home/ec2-user/.rvm/gems/ruby-3.1.2/gems/capybara-3.39.2/lib/capybara/session.rb:773:in `click_button'\u001b[0m","      \u001b[36m# /home/ec2-user/.rvm/gems/ruby-3.1.2/gems/capybara-3.39.2/lib/capybara/dsl.rb:52:in `call'\u001b[0m","      \u001b[36m# /home/ec2-user/.rvm/gems/ruby-3.1.2/gems/capybara-3.39.2/lib/capybara/dsl.rb:52:in `click_button'\u001b[0m","      \u001b[36m# ./spec/system/books_spec.rb:169:in `block (4 levels) in <main>'\u001b[0m","","  19) 投稿のテスト 編集画面のテスト 更新処理に関するテスト 更新後のリダイレクト先は正しいか","      \u001b[31mFailure/Error: click_button 'Update Book'\u001b[0m","      \u001b[31m\u001b[0m","      \u001b[31mCapybara::ElementNotFound:\u001b[0m","      \u001b[31m  Unable to find button \"Update Book\" that is not disabled\u001b[0m","      \u001b[36m# /home/ec2-user/.rvm/gems/ruby-3.1.2/gems/capybara-3.39.2/lib/capybara/node/finders.rb:312:in `block in synced_resolve'\u001b[0m","      \u001b[36m# /home/ec2-user/.rvm/gems/ruby-3.1.2/gems/capybara-3.39.2/lib/capybara/node/base.rb:84:in `synchronize'\u001b[0m","      \u001b[36m# /home/ec2-user/.rvm/gems/ruby-3.1.2/gems/capybara-3.39.2/lib/capybara/node/finders.rb:301:in `synced_resolve'\u001b[0m","      \u001b[36m# /home/ec2-user/.rvm/gems/ruby-3.1.2/gems/capybara-3.39.2/lib/capybara/node/finders.rb:60:in `find'\u001b[0m","      \u001b[36m# /home/ec2-user/.rvm/gems/ruby-3.1.2/gems/capybara-3.39.2/lib/capybara/node/actions.rb:58:in `click_button'\u001b[0m","      \u001b[36m# /home/ec2-user/.rvm/gems/ruby-3.1.2/gems/capybara-3.39.2/lib/capybara/session.rb:773:in `click_button'\u001b[0m","      \u001b[36m# /home/ec2-user/.rvm/gems/ruby-3.1.2/gems/capybara-3.39.2/lib/capybara/dsl.rb:52:in `call'\u001b[0m","      \u001b[36m# /home/ec2-user/.rvm/gems/ruby-3.1.2/gems/capybara-3.39.2/lib/capybara/dsl.rb:52:in `click_button'\u001b[0m","      \u001b[36m# ./spec/system/books_spec.rb:175:in `block (4 levels) in <main>'\u001b[0m","","Finished in 1.83 seconds (files took 1.7 seconds to load)","\u001b[31m29 examples, 19 failures\u001b[0m","","Failed examples:","","\u001b[31mrspec ./spec/models/book_spec.rb:28\u001b[0m \u001b[36m# Book モデルに関するテスト titleを空白で投稿した場合に画面にエラーメッセージが表示されているか エラーメッセージは正しく表示されるか\u001b[0m","\u001b[31mrspec ./spec/models/book_spec.rb:38\u001b[0m \u001b[36m# Book モデルに関するテスト bodyを空白で投稿した場合に画面にエラーメッセージが表示されているか エラーメッセージは正しく表示されるか\u001b[0m","\u001b[31mrspec ./spec/system/books_spec.rb:10\u001b[0m \u001b[36m# 投稿のテスト トップ画面(root_path)のテスト 表示の確認 トップ画面(root_path)に一覧ページへのリンクが表示されているか\u001b[0m","\u001b[31mrspec ./spec/system/books_spec.rb:13\u001b[0m \u001b[36m# 投稿のテスト トップ画面(root_path)のテスト 表示の確認 root_pathが\"/\"であるか\u001b[0m","\u001b[31mrspec ./spec/system/books_spec.rb:23\u001b[0m \u001b[36m# 投稿のテスト 一覧画面のテスト 一覧の表示とリンクの確認 bookの一覧表示(tableタグ)と投稿フォームが同一画面に表示されているか\u001b[0m","\u001b[31mrspec ./spec/system/books_spec.rb:28\u001b[0m \u001b[36m# 投稿のテスト 一覧画面のテスト 一覧の表示とリンクの確認 bookのタイトルと感想を表示し、詳細・編集・削除のリンクが表示されているか\u001b[0m","\u001b[31mrspec ./spec/system/books_spec.rb:51\u001b[0m \u001b[36m# 投稿のテスト 一覧画面のテスト 一覧の表示とリンクの確認 Create Bookボタンが表示される\u001b[0m","\u001b[31mrspec ./spec/system/books_spec.rb:56\u001b[0m \u001b[36m# 投稿のテスト 一覧画面のテスト 投稿処理に関するテスト 投稿に成功しサクセスメッセージが表示されるか\u001b[0m","\u001b[31mrspec ./spec/system/books_spec.rb:62\u001b[0m \u001b[36m# 投稿のテスト 一覧画面のテスト 投稿処理に関するテスト 投稿に失敗する\u001b[0m","\u001b[31mrspec ./spec/system/books_spec.rb:67\u001b[0m \u001b[36m# 投稿のテスト 一覧画面のテスト 投稿処理に関するテスト 投稿後のリダイレクト先は正しいか\u001b[0m","\u001b[31mrspec ./spec/system/books_spec.rb:75\u001b[0m \u001b[36m# 投稿のテスト 一覧画面のテスト book削除のテスト application.html.erbにjavascript_pack_tagを含んでいるか\u001b[0m","\u001b[31mrspec ./spec/system/books_spec.rb:86\u001b[0m \u001b[36m# 投稿のテスト 一覧画面のテスト book削除のテスト bookの削除\u001b[0m","\u001b[31mrspec ./spec/system/books_spec.rb:114\u001b[0m \u001b[36m# 投稿のテスト 詳細画面のテスト リンクの遷移先の確認 Editの遷移先は編集画面か\u001b[0m","\u001b[31mrspec ./spec/system/books_spec.rb:119\u001b[0m \u001b[36m# 投稿のテスト 詳細画面のテスト リンクの遷移先の確認 Backの遷移先は一覧画面か\u001b[0m","\u001b[31mrspec ./spec/system/books_spec.rb:135\u001b[0m \u001b[36m# 投稿のテスト 編集画面のテスト 表示の確認 Update Bookボタンが表示される\u001b[0m","\u001b[31mrspec ./spec/system/books_spec.rb:153\u001b[0m \u001b[36m# 投稿のテスト 編集画面のテスト リンクの遷移先の確認 Backの遷移先は一覧画面か\u001b[0m","\u001b[31mrspec ./spec/system/books_spec.rb:160\u001b[0m \u001b[36m# 投稿のテスト 編集画面のテスト 更新処理に関するテスト 更新に成功しサクセスメッセージが表示されるか\u001b[0m","\u001b[31mrspec ./spec/system/books_spec.rb:166\u001b[0m \u001b[36m# 投稿のテスト 編集画面のテスト 更新処理に関するテスト 更新に失敗しエラーメッセージが表示されるか\u001b[0m","\u001b[31mrspec ./spec/system/books_spec.rb:172\u001b[0m \u001b[36m# 投稿のテスト 編集画面のテスト 更新処理に関するテスト 更新後のリダイレクト先は正しいか\u001b[0m","",""],"id":2,"ignore":true}],[{"start":{"row":0,"column":0},"end":{"row":5,"column":0},"action":"insert","lines":["","Book モデルに関するテスト","  実際に保存してみる","\u001b[32m    有効な投稿内容の場合は保存されるか\u001b[0m","  空白のバリデーションチェック",""],"id":3,"ignore":true}],[{"start":{"row":5,"column":0},"end":{"row":25,"column":0},"action":"insert","lines":["\u001b[32m    titleが空白の場合にバリデーションチェックされ空白のエラーメッセージが返ってきているか\u001b[0m","\u001b[32m    bodyが空白の場合にバリデーションチェックされ空白のエラーメッセージが返ってきているか\u001b[0m","  titleを空白で投稿した場合に画面にエラーメッセージが表示されているか","\u001b[32m    エラーメッセージは正しく表示されるか\u001b[0m","  bodyを空白で投稿した場合に画面にエラーメッセージが表示されているか","\u001b[32m    エラーメッセージは正しく表示されるか\u001b[0m","","投稿のテスト","  トップ画面(root_path)のテスト","    表示の確認","\u001b[32m      トップ画面(root_path)に一覧ページへのリンクが表示されているか\u001b[0m","\u001b[32m      root_pathが\"/\"であるか\u001b[0m","  一覧画面のテスト","    一覧の表示とリンクの確認","\u001b[32m      bookの一覧表示(tableタグ)と投稿フォームが同一画面に表示されているか\u001b[0m","\u001b[32m      bookのタイトルと感想を表示し、詳細・編集・削除のリンクが表示されているか\u001b[0m","\u001b[32m      Create Bookボタンが表示される\u001b[0m","    投稿処理に関するテスト","\u001b[32m      投稿に成功しサクセスメッセージが表示されるか\u001b[0m","\u001b[32m      投稿に失敗する\u001b[0m",""],"id":4,"ignore":true}],[{"start":{"row":25,"column":0},"end":{"row":135,"column":0},"action":"insert","lines":["\u001b[32m      投稿後のリダイレクト先は正しいか\u001b[0m","    book削除のテスト","\u001b[32m      application.html.erbにjavascript_pack_tagを含んでいるか\u001b[0m","\u001b[32m      bookの削除\u001b[0m","  詳細画面のテスト","    表示の確認","\u001b[32m      本のタイトルと感想が画面に表示されていること\u001b[0m","\u001b[32m      Editリンクが表示される\u001b[0m","\u001b[32m      Backリンクが表示される\u001b[0m","    リンクの遷移先の確認","\u001b[31m      Editの遷移先は編集画面か (FAILED - 1)\u001b[0m","\u001b[31m      Backの遷移先は一覧画面か (FAILED - 2)\u001b[0m","  編集画面のテスト","    表示の確認","\u001b[32m      編集前のタイトルと感想がフォームに表示(セット)されている\u001b[0m","\u001b[31m      Update Bookボタンが表示される (FAILED - 3)\u001b[0m","\u001b[32m      Showリンクが表示される\u001b[0m","\u001b[32m      Backリンクが表示される\u001b[0m","    リンクの遷移先の確認","\u001b[32m      Showの遷移先は詳細画面か\u001b[0m","\u001b[31m      Backの遷移先は一覧画面か (FAILED - 4)\u001b[0m","    更新処理に関するテスト","\u001b[31m      更新に成功しサクセスメッセージが表示されるか (FAILED - 5)\u001b[0m","\u001b[31m      更新に失敗しエラーメッセージが表示さ���るか (FAILED - 6)\u001b[0m","\u001b[31m      更新後のリダイレクト先は正しいか (FAILED - 7)\u001b[0m","","Failures:","","  1) 投稿のテスト 詳細画面のテスト リンクの遷移先の確認 Editの遷移先は編集画面か","     \u001b[31mFailure/Error: expect(current_path).to eq('/books/' + book.id.to_s + '/edit')\u001b[0m","     \u001b[31m\u001b[0m","     \u001b[31m  expected: \"/books/1/edit\"\u001b[0m","     \u001b[31m       got: \"/books/edit/1\"\u001b[0m","     \u001b[31m\u001b[0m","     \u001b[31m  (compared using ==)\u001b[0m","     \u001b[36m# ./spec/system/books_spec.rb:117:in `block (4 levels) in <main>'\u001b[0m","","  2) 投稿のテスト 詳細画面のテスト リンクの遷移先の確認 Backの遷移先は一覧画面か","     \u001b[31mFailure/Error: expect(page).to have_current_path books_path\u001b[0m","     \u001b[31m  expected \"/books.1\" to equal \"/books\"\u001b[0m","     \u001b[36m# ./spec/system/books_spec.rb:122:in `block (4 levels) in <main>'\u001b[0m","","  3) 投稿のテスト 編集画面のテスト 表示の確認 Update Bookボタンが表示される","     \u001b[31mFailure/Error: expect(page).to have_button 'Update Book'\u001b[0m","     \u001b[31m  expected to find button \"Update Book\" that is not disabled but there were no matches\u001b[0m","     \u001b[36m# ./spec/system/books_spec.rb:136:in `block (4 levels) in <main>'\u001b[0m","","  4) 投稿のテスト 編集画面のテスト リンクの遷移先の確認 Backの遷移先は一覧画面か","     \u001b[31mFailure/Error: expect(page).to have_current_path books_path\u001b[0m","     \u001b[31m  expected \"/books.1\" to equal \"/books\"\u001b[0m","     \u001b[36m# ./spec/system/books_spec.rb:156:in `block (4 levels) in <main>'\u001b[0m","","  5) 投稿のテスト 編集画面のテスト 更新処理に関するテスト 更新に成功しサクセスメッセージが表示されるか","     \u001b[31mFailure/Error: click_button 'Update Book'\u001b[0m","     \u001b[31m\u001b[0m","     \u001b[31mCapybara::ElementNotFound:\u001b[0m","     \u001b[31m  Unable to find button \"Update Book\" that is not disabled\u001b[0m","     \u001b[36m# /home/ec2-user/.rvm/gems/ruby-3.1.2/gems/capybara-3.39.2/lib/capybara/node/finders.rb:312:in `block in synced_resolve'\u001b[0m","     \u001b[36m# /home/ec2-user/.rvm/gems/ruby-3.1.2/gems/capybara-3.39.2/lib/capybara/node/base.rb:84:in `synchronize'\u001b[0m","     \u001b[36m# /home/ec2-user/.rvm/gems/ruby-3.1.2/gems/capybara-3.39.2/lib/capybara/node/finders.rb:301:in `synced_resolve'\u001b[0m","     \u001b[36m# /home/ec2-user/.rvm/gems/ruby-3.1.2/gems/capybara-3.39.2/lib/capybara/node/finders.rb:60:in `find'\u001b[0m","     \u001b[36m# /home/ec2-user/.rvm/gems/ruby-3.1.2/gems/capybara-3.39.2/lib/capybara/node/actions.rb:58:in `click_button'\u001b[0m","     \u001b[36m# /home/ec2-user/.rvm/gems/ruby-3.1.2/gems/capybara-3.39.2/lib/capybara/session.rb:773:in `click_button'\u001b[0m","     \u001b[36m# /home/ec2-user/.rvm/gems/ruby-3.1.2/gems/capybara-3.39.2/lib/capybara/dsl.rb:52:in `call'\u001b[0m","     \u001b[36m# /home/ec2-user/.rvm/gems/ruby-3.1.2/gems/capybara-3.39.2/lib/capybara/dsl.rb:52:in `click_button'\u001b[0m","     \u001b[36m# ./spec/system/books_spec.rb:163:in `block (4 levels) in <main>'\u001b[0m","","  6) 投稿のテスト 編集画面のテスト 更新処理に関するテスト 更新に失敗しエラーメッセージが表示されるか","     \u001b[31mFailure/Error: click_button 'Update Book'\u001b[0m","     \u001b[31m\u001b[0m","     \u001b[31mCapybara::ElementNotFound:\u001b[0m","     \u001b[31m  Unable to find button \"Update Book\" that is not disabled\u001b[0m","     \u001b[36m# /home/ec2-user/.rvm/gems/ruby-3.1.2/gems/capybara-3.39.2/lib/capybara/node/finders.rb:312:in `block in synced_resolve'\u001b[0m","     \u001b[36m# /home/ec2-user/.rvm/gems/ruby-3.1.2/gems/capybara-3.39.2/lib/capybara/node/base.rb:84:in `synchronize'\u001b[0m","     \u001b[36m# /home/ec2-user/.rvm/gems/ruby-3.1.2/gems/capybara-3.39.2/lib/capybara/node/finders.rb:301:in `synced_resolve'\u001b[0m","     \u001b[36m# /home/ec2-user/.rvm/gems/ruby-3.1.2/gems/capybara-3.39.2/lib/capybara/node/finders.rb:60:in `find'\u001b[0m","     \u001b[36m# /home/ec2-user/.rvm/gems/ruby-3.1.2/gems/capybara-3.39.2/lib/capybara/node/actions.rb:58:in `click_button'\u001b[0m","     \u001b[36m# /home/ec2-user/.rvm/gems/ruby-3.1.2/gems/capybara-3.39.2/lib/capybara/session.rb:773:in `click_button'\u001b[0m","     \u001b[36m# /home/ec2-user/.rvm/gems/ruby-3.1.2/gems/capybara-3.39.2/lib/capybara/dsl.rb:52:in `call'\u001b[0m","     \u001b[36m# /home/ec2-user/.rvm/gems/ruby-3.1.2/gems/capybara-3.39.2/lib/capybara/dsl.rb:52:in `click_button'\u001b[0m","     \u001b[36m# ./spec/system/books_spec.rb:169:in `block (4 levels) in <main>'\u001b[0m","","  7) 投稿のテスト 編集画面のテスト 更新処理に関するテスト 更新後のリダイレクト先は正しいか","     \u001b[31mFailure/Error: click_button 'Update Book'\u001b[0m","     \u001b[31m\u001b[0m","     \u001b[31mCapybara::ElementNotFound:\u001b[0m","     \u001b[31m  Unable to find button \"Update Book\" that is not disabled\u001b[0m","     \u001b[36m# /home/ec2-user/.rvm/gems/ruby-3.1.2/gems/capybara-3.39.2/lib/capybara/node/finders.rb:312:in `block in synced_resolve'\u001b[0m","     \u001b[36m# /home/ec2-user/.rvm/gems/ruby-3.1.2/gems/capybara-3.39.2/lib/capybara/node/base.rb:84:in `synchronize'\u001b[0m","     \u001b[36m# /home/ec2-user/.rvm/gems/ruby-3.1.2/gems/capybara-3.39.2/lib/capybara/node/finders.rb:301:in `synced_resolve'\u001b[0m","     \u001b[36m# /home/ec2-user/.rvm/gems/ruby-3.1.2/gems/capybara-3.39.2/lib/capybara/node/finders.rb:60:in `find'\u001b[0m","     \u001b[36m# /home/ec2-user/.rvm/gems/ruby-3.1.2/gems/capybara-3.39.2/lib/capybara/node/actions.rb:58:in `click_button'\u001b[0m","     \u001b[36m# /home/ec2-user/.rvm/gems/ruby-3.1.2/gems/capybara-3.39.2/lib/capybara/session.rb:773:in `click_button'\u001b[0m","     \u001b[36m# /home/ec2-user/.rvm/gems/ruby-3.1.2/gems/capybara-3.39.2/lib/capybara/dsl.rb:52:in `call'\u001b[0m","     \u001b[36m# /home/ec2-user/.rvm/gems/ruby-3.1.2/gems/capybara-3.39.2/lib/capybara/dsl.rb:52:in `click_button'\u001b[0m","     \u001b[36m# ./spec/system/books_spec.rb:175:in `block (4 levels) in <main>'\u001b[0m","","Finished in 2.6 seconds (files took 1.89 seconds to load)","\u001b[31m29 examples, 7 failures\u001b[0m","","Failed examples:","","\u001b[31mrspec ./spec/system/books_spec.rb:114\u001b[0m \u001b[36m# 投稿のテスト 詳細画面のテスト リンクの遷移先の確認 Editの遷移先は編集画面か\u001b[0m","\u001b[31mrspec ./spec/system/books_spec.rb:119\u001b[0m \u001b[36m# 投稿のテスト 詳細画面のテスト リンクの遷移先の確認 Backの遷移先は一覧画面か\u001b[0m","\u001b[31mrspec ./spec/system/books_spec.rb:135\u001b[0m \u001b[36m# 投稿のテスト 編集画面のテスト 表示の確認 Update Bookボタンが表示される\u001b[0m","\u001b[31mrspec ./spec/system/books_spec.rb:153\u001b[0m \u001b[36m# 投稿のテスト 編集画面のテスト リンクの遷移先の確認 Backの遷移先は一覧画面か\u001b[0m","\u001b[31mrspec ./spec/system/books_spec.rb:160\u001b[0m \u001b[36m# 投稿のテスト 編集画面のテスト 更新処理に関するテスト 更新に成功しサクセスメッセージが表示されるか\u001b[0m","\u001b[31mrspec ./spec/system/books_spec.rb:166\u001b[0m \u001b[36m# 投稿のテスト 編集画面のテスト 更新処理に関するテスト 更新に失敗しエラーメッセージが表示されるか\u001b[0m","\u001b[31mrspec ./spec/system/books_spec.rb:172\u001b[0m \u001b[36m# 投稿のテスト 編集画面のテスト 更新処理に関するテスト 更新後のリダイレクト先は正しいか\u001b[0m","",""],"id":5,"ignore":true}]]},"timestamp":1691920907118}